# JRE version: Java(TM) SE Runtime Environment (8.0_261-b12) (build 1.8.0_261-b12)
# Java VM: Java HotSpot(TM) 64-Bit Server VM (25.261-b12 mixed mode windows-amd64 compressed oops)
Heap:
 PSYoungGen      total 57344K, used 45853K [0x0000000780780000, 0x0000000784780000, 0x00000007c0000000)
  eden space 49152K, 93% used [0x0000000780780000,0x0000000783447740,0x0000000783780000)
  from space 8192K, 0% used [0x0000000783780000,0x0000000783780000,0x0000000783f80000)
  to   space 8192K, 0% used [0x0000000783f80000,0x0000000783f80000,0x0000000784780000)
 ParOldGen       total 91136K, used 9335K [0x0000000701600000, 0x0000000706f00000, 0x0000000780780000)
  object space 91136K, 10% used [0x0000000701600000,0x0000000701f1dc28,0x0000000706f00000)
 Metaspace       used 22615K, capacity 23786K, committed 23936K, reserved 1069056K
  class space    used 3214K, capacity 3452K, committed 3456K, reserved 1048576K
GC Heap History (10 events):
Event: 4.046 GC heap before
{Heap before GC invocations=1 (full 0):
 PSYoungGen      total 57344K, used 23136K [0x0000000780780000, 0x0000000784780000, 0x00000007c0000000)
  eden space 49152K, 47% used [0x0000000780780000,0x0000000781e18088,0x0000000783780000)
  from space 8192K, 0% used [0x0000000783f80000,0x0000000783f80000,0x0000000784780000)
  to   space 8192K, 0% used [0x0000000783780000,0x0000000783780000,0x0000000783f80000)
 ParOldGen       total 131072K, used 0K [0x0000000701600000, 0x0000000709600000, 0x0000000780780000)
  object space 131072K, 0% used [0x0000000701600000,0x0000000701600000,0x0000000709600000)
 Metaspace       used 8084K, capacity 8442K, committed 8576K, reserved 1056768K
  class space    used 906K, capacity 1031K, committed 1152K, reserved 1048576K
Event: 4.048 GC heap after
Heap after GC invocations=1 (full 0):
 PSYoungGen      total 57344K, used 2141K [0x0000000780780000, 0x0000000784780000, 0x00000007c0000000)
  eden space 49152K, 0% used [0x0000000780780000,0x0000000780780000,0x0000000783780000)
  from space 8192K, 26% used [0x0000000783780000,0x0000000783997580,0x0000000783f80000)
  to   space 8192K, 0% used [0x0000000783f80000,0x0000000783f80000,0x0000000784780000)
 ParOldGen       total 131072K, used 8K [0x0000000701600000, 0x0000000709600000, 0x0000000780780000)
  object space 131072K, 0% used [0x0000000701600000,0x0000000701602000,0x0000000709600000)
 Metaspace       used 8084K, capacity 8442K, committed 8576K, reserved 1056768K
  class space    used 906K, capacity 1031K, committed 1152K, reserved 1048576K
}
Event: 4.048 GC heap before
{Heap before GC invocations=2 (full 1):
 PSYoungGen      total 57344K, used 2141K [0x0000000780780000, 0x0000000784780000, 0x00000007c0000000)
  eden space 49152K, 0% used [0x0000000780780000,0x0000000780780000,0x0000000783780000)
  from space 8192K, 26% used [0x0000000783780000,0x0000000783997580,0x0000000783f80000)
  to   space 8192K, 0% used [0x0000000783f80000,0x0000000783f80000,0x0000000784780000)
 ParOldGen       total 131072K, used 8K [0x0000000701600000, 0x0000000709600000, 0x0000000780780000)
  object space 131072K, 0% used [0x0000000701600000,0x0000000701602000,0x0000000709600000)
 Metaspace       used 8084K, capacity 8442K, committed 8576K, reserved 1056768K
  class space    used 906K, capacity 1031K, committed 1152K, reserved 1048576K
Event: 4.061 GC heap after
Heap after GC invocations=2 (full 1):
 PSYoungGen      total 57344K, used 0K [0x0000000780780000, 0x0000000784780000, 0x00000007c0000000)
  eden space 49152K, 0% used [0x0000000780780000,0x0000000780780000,0x0000000783780000)
  from space 8192K, 0% used [0x0000000783780000,0x0000000783780000,0x0000000783f80000)
  to   space 8192K, 0% used [0x0000000783f80000,0x0000000783f80000,0x0000000784780000)
 ParOldGen       total 131072K, used 2047K [0x0000000701600000, 0x0000000709600000, 0x0000000780780000)
  object space 131072K, 1% used [0x0000000701600000,0x00000007017ffcc8,0x0000000709600000)
 Metaspace       used 8084K, capacity 8442K, committed 8576K, reserved 1056768K
  class space    used 906K, capacity 1031K, committed 1152K, reserved 1048576K
}
Event: 5.027 GC heap before
{Heap before GC invocations=3 (full 1):
 PSYoungGen      total 57344K, used 49152K [0x0000000780780000, 0x0000000784780000, 0x00000007c0000000)
  eden space 49152K, 100% used [0x0000000780780000,0x0000000783780000,0x0000000783780000)
  from space 8192K, 0% used [0x0000000783780000,0x0000000783780000,0x0000000783f80000)
  to   space 8192K, 0% used [0x0000000783f80000,0x0000000783f80000,0x0000000784780000)
 ParOldGen       total 131072K, used 2047K [0x0000000701600000, 0x0000000709600000, 0x0000000780780000)
  object space 131072K, 1% used [0x0000000701600000,0x00000007017ffcc8,0x0000000709600000)
 Metaspace       used 15472K, capacity 15944K, committed 16128K, reserved 1062912K
  class space    used 2027K, capacity 2179K, committed 2304K, reserved 1048576K
Event: 5.033 GC heap after
Heap after GC invocations=3 (full 1):
 PSYoungGen      total 57344K, used 3854K [0x0000000780780000, 0x0000000784780000, 0x00000007c0000000)
  eden space 49152K, 0% used [0x0000000780780000,0x0000000780780000,0x0000000783780000)
  from space 8192K, 47% used [0x0000000783f80000,0x0000000784343a28,0x0000000784780000)
  to   space 8192K, 0% used [0x0000000783780000,0x0000000783780000,0x0000000783f80000)
 ParOldGen       total 131072K, used 2119K [0x0000000701600000, 0x0000000709600000, 0x0000000780780000)
  object space 131072K, 1% used [0x0000000701600000,0x0000000701811cd8,0x0000000709600000)
 Metaspace       used 15472K, capacity 15944K, committed 16128K, reserved 1062912K
  class space    used 2027K, capacity 2179K, committed 2304K, reserved 1048576K
}
Event: 7.914 GC heap before
{Heap before GC invocations=4 (full 1):
 PSYoungGen      total 57344K, used 32688K [0x0000000780780000, 0x0000000784780000, 0x00000007c0000000)
  eden space 49152K, 58% used [0x0000000780780000,0x00000007823a8910,0x0000000783780000)
  from space 8192K, 47% used [0x0000000783f80000,0x0000000784343a28,0x0000000784780000)
  to   space 8192K, 0% used [0x0000000783780000,0x0000000783780000,0x0000000783f80000)
 ParOldGen       total 131072K, used 2119K [0x0000000701600000, 0x0000000709600000, 0x0000000780780000)
  object space 131072K, 1% used [0x0000000701600000,0x0000000701811cd8,0x0000000709600000)
 Metaspace       used 20500K, capacity 21222K, committed 21296K, reserved 1067008K
  class space    used 2932K, capacity 3134K, committed 3200K, reserved 1048576K
Event: 7.932 GC heap after
Heap after GC invocations=4 (full 1):
 PSYoungGen      total 57344K, used 7672K [0x0000000780780000, 0x0000000784780000, 0x00000007c0000000)
  eden space 49152K, 0% used [0x0000000780780000,0x0000000780780000,0x0000000783780000)
  from space 8192K, 93% used [0x0000000783780000,0x0000000783efe010,0x0000000783f80000)
  to   space 8192K, 0% used [0x0000000783f80000,0x0000000783f80000,0x0000000784780000)
 ParOldGen       total 131072K, used 2127K [0x0000000701600000, 0x0000000709600000, 0x0000000780780000)
  object space 131072K, 1% used [0x0000000701600000,0x0000000701813cd8,0x0000000709600000)
 Metaspace       used 20500K, capacity 21222K, committed 21296K, reserved 1067008K
  class space    used 2932K, capacity 3134K, committed 3200K, reserved 1048576K
}
Event: 7.932 GC heap before
{Heap before GC invocations=5 (full 2):
 PSYoungGen      total 57344K, used 7672K [0x0000000780780000, 0x0000000784780000, 0x00000007c0000000)
  eden space 49152K, 0% used [0x0000000780780000,0x0000000780780000,0x0000000783780000)
  from space 8192K, 93% used [0x0000000783780000,0x0000000783efe010,0x0000000783f80000)
  to   space 8192K, 0% used [0x0000000783f80000,0x0000000783f80000,0x0000000784780000)
 ParOldGen       total 131072K, used 2127K [0x0000000701600000, 0x0000000709600000, 0x0000000780780000)
  object space 131072K, 1% used [0x0000000701600000,0x0000000701813cd8,0x0000000709600000)
 Metaspace       used 20500K, capacity 21222K, committed 21296K, reserved 1067008K
  class space    used 2932K, capacity 3134K, committed 3200K, reserved 1048576K
Event: 7.977 GC heap after
Heap after GC invocations=5 (full 2):
 PSYoungGen      total 57344K, used 0K [0x0000000780780000, 0x0000000784780000, 0x00000007c0000000)
  eden space 49152K, 0% used [0x0000000780780000,0x0000000780780000,0x0000000783780000)
  from space 8192K, 0% used [0x0000000783780000,0x0000000783780000,0x0000000783f80000)
  to   space 8192K, 0% used [0x0000000783f80000,0x0000000783f80000,0x0000000784780000)
 ParOldGen       total 91136K, used 9335K [0x0000000701600000, 0x0000000706f00000, 0x0000000780780000)
  object space 91136K, 10% used [0x0000000701600000,0x0000000701f1dc28,0x0000000706f00000)
 Metaspace       used 20500K, capacity 21222K, committed 21296K, reserved 1067008K
  class space    used 2932K, capacity 3134K, committed 3200K, reserved 1048576K
}

